<?xml version="1.0" encoding="UTF-8"?>
<testsuite name="com.aabplastic.AabBackOfficeApplicationTests" tests="1" skipped="0" failures="0" errors="0" timestamp="2015-08-26T13:41:37" hostname="Hoangs-MacBook-Pro-2.local" time="0.002">
  <properties/>
  <testcase name="contextLoads" classname="com.aabplastic.AabBackOfficeApplicationTests" time="0.002"/>
  <system-out><![CDATA[
  .   ____          _            __ _ _
 /\\ / ___'_ __ _ _(_)_ __  __ _ \ \ \ \
( ( )\___ | '_ | '_| | '_ \/ _` | \ \ \ \
 \\/  ___)| |_)| | | | | || (_| |  ) ) ) )
  '  |____| .__|_| |_|_| |_\__, | / / / /
 =========|_|==============|___/=/_/_/_/
 :: Spring Boot ::        (v1.2.5.RELEASE)

]]></system-out>
  <system-err><![CDATA[SLF4J: Failed to load class "org.slf4j.impl.StaticLoggerBinder".
SLF4J: Defaulting to no-operation (NOP) logger implementation
SLF4J: See http://www.slf4j.org/codes.html#StaticLoggerBinder for further details.
Aug 26, 2015 8:41:34 PM org.hibernate.jpa.internal.util.LogHelper logPersistenceUnitInformation
INFO: HHH000204: Processing PersistenceUnitInfo [
	name: default
	...]
Aug 26, 2015 8:41:34 PM org.hibernate.Version logVersion
INFO: HHH000412: Hibernate Core {4.3.10.Final}
Aug 26, 2015 8:41:34 PM org.hibernate.cfg.Environment <clinit>
INFO: HHH000206: hibernate.properties not found
Aug 26, 2015 8:41:34 PM org.hibernate.cfg.Environment buildBytecodeProvider
INFO: HHH000021: Bytecode provider name : javassist
Aug 26, 2015 8:41:34 PM org.hibernate.annotations.common.reflection.java.JavaReflectionManager <clinit>
INFO: HCANN000001: Hibernate Commons Annotations {4.0.5.Final}
Aug 26, 2015 8:41:34 PM org.hibernate.dialect.Dialect <init>
INFO: HHH000400: Using dialect: org.hibernate.dialect.MySQL5Dialect
Aug 26, 2015 8:41:34 PM org.hibernate.hql.internal.ast.ASTQueryTranslatorFactory <init>
INFO: HHH000397: Using ASTQueryTranslatorFactory
Aug 26, 2015 8:41:35 PM org.hibernate.tool.hbm2ddl.SchemaUpdate execute
INFO: HHH000228: Running hbm2ddl schema update
Aug 26, 2015 8:41:35 PM org.hibernate.tool.hbm2ddl.SchemaUpdate execute
INFO: HHH000102: Fetching database metadata
Aug 26, 2015 8:41:35 PM org.hibernate.tool.hbm2ddl.SchemaUpdate execute
INFO: HHH000396: Updating schema
Aug 26, 2015 8:41:35 PM org.hibernate.tool.hbm2ddl.TableMetadata <init>
INFO: HHH000261: Table found: aab_plastic.bill_of_materials
Aug 26, 2015 8:41:35 PM org.hibernate.tool.hbm2ddl.TableMetadata <init>
INFO: HHH000037: Columns: [updated_at, item_id, name, created_at, id, default_bom]
Aug 26, 2015 8:41:35 PM org.hibernate.tool.hbm2ddl.TableMetadata <init>
INFO: HHH000108: Foreign keys: [fk_cescs6iftote73uweac9ykjf5]
Aug 26, 2015 8:41:35 PM org.hibernate.tool.hbm2ddl.TableMetadata <init>
INFO: HHH000126: Indexes: [fk_cescs6iftote73uweac9ykjf5, primary]
Aug 26, 2015 8:41:35 PM org.hibernate.tool.hbm2ddl.TableMetadata <init>
INFO: HHH000261: Table found: aab_plastic.bill_of_materials_item
Aug 26, 2015 8:41:35 PM org.hibernate.tool.hbm2ddl.TableMetadata <init>
INFO: HHH000037: Columns: [bill_id, quantity, item_id, id]
Aug 26, 2015 8:41:35 PM org.hibernate.tool.hbm2ddl.TableMetadata <init>
INFO: HHH000108: Foreign keys: [fk_6lkdn7lp691d7k9vwpcbt035m, fk_qivyg4hk8w9ng3fyorlhuth3n]
Aug 26, 2015 8:41:35 PM org.hibernate.tool.hbm2ddl.TableMetadata <init>
INFO: HHH000126: Indexes: [fk_6lkdn7lp691d7k9vwpcbt035m, fk_qivyg4hk8w9ng3fyorlhuth3n, primary]
Aug 26, 2015 8:41:35 PM org.hibernate.tool.hbm2ddl.TableMetadata <init>
INFO: HHH000261: Table found: aab_plastic.customers
Aug 26, 2015 8:41:35 PM org.hibernate.tool.hbm2ddl.TableMetadata <init>
INFO: HHH000037: Columns: [website, active, created_at, last_name, display_name, middle_name, title, primary_phone, email_address, updated_at, company_name, alternate_phone, id, first_name]
Aug 26, 2015 8:41:35 PM org.hibernate.tool.hbm2ddl.TableMetadata <init>
INFO: HHH000108: Foreign keys: []
Aug 26, 2015 8:41:35 PM org.hibernate.tool.hbm2ddl.TableMetadata <init>
INFO: HHH000126: Indexes: [primary]
Aug 26, 2015 8:41:35 PM org.hibernate.tool.hbm2ddl.TableMetadata <init>
INFO: HHH000261: Table found: aab_plastic.estimate_item_cost_item
Aug 26, 2015 8:41:35 PM org.hibernate.tool.hbm2ddl.TableMetadata <init>
INFO: HHH000037: Columns: [total, quantity, item_id, id, cost_per_weight_unit, estimate_item_id]
Aug 26, 2015 8:41:35 PM org.hibernate.tool.hbm2ddl.TableMetadata <init>
INFO: HHH000108: Foreign keys: [fk_2x13qt3ht5tury7p9wgx6lnvk, fk_f8xai3p3qd475sgj64avelmp3]
Aug 26, 2015 8:41:35 PM org.hibernate.tool.hbm2ddl.TableMetadata <init>
INFO: HHH000126: Indexes: [fk_2x13qt3ht5tury7p9wgx6lnvk, fk_f8xai3p3qd475sgj64avelmp3, primary]
Aug 26, 2015 8:41:35 PM org.hibernate.tool.hbm2ddl.TableMetadata <init>
INFO: HHH000261: Table found: aab_plastic.estimate_items
Aug 26, 2015 8:41:35 PM org.hibernate.tool.hbm2ddl.TableMetadata <init>
INFO: HHH000037: Columns: [actual_unit_weight, blowing_width, price_per_weight_unit, quantity, total_cost, item_id, thickness, estimate_id, length, actual_total_weight, total_weight, order_item_id, actual_price_per_weight_unit, total, gusset, handle_ratio, width, id, unit_weight, actual_thickness]
Aug 26, 2015 8:41:35 PM org.hibernate.tool.hbm2ddl.TableMetadata <init>
INFO: HHH000108: Foreign keys: [fk_27m39iuacf0mhgis6vn383yx3, fk_91dg70dic0d69064ix8vvx1bq, fk_e8ihg3w7hlyusm1m1a4wftyop]
Aug 26, 2015 8:41:35 PM org.hibernate.tool.hbm2ddl.TableMetadata <init>
INFO: HHH000126: Indexes: [fk_27m39iuacf0mhgis6vn383yx3, fk_91dg70dic0d69064ix8vvx1bq, fk_e8ihg3w7hlyusm1m1a4wftyop, primary]
Aug 26, 2015 8:41:35 PM org.hibernate.tool.hbm2ddl.TableMetadata <init>
INFO: HHH000261: Table found: aab_plastic.estimates
Aug 26, 2015 8:41:35 PM org.hibernate.tool.hbm2ddl.TableMetadata <init>
INFO: HHH000037: Columns: [updated_at, created_at, id, order_id]
Aug 26, 2015 8:41:35 PM org.hibernate.tool.hbm2ddl.TableMetadata <init>
INFO: HHH000108: Foreign keys: [fk_tyfs578sh0oef8yl6joabm6j]
Aug 26, 2015 8:41:35 PM org.hibernate.tool.hbm2ddl.TableMetadata <init>
INFO: HHH000126: Indexes: [uk_tyfs578sh0oef8yl6joabm6j, primary]
Aug 26, 2015 8:41:35 PM org.hibernate.tool.hbm2ddl.TableMetadata <init>
INFO: HHH000261: Table found: aab_plastic.item_attributes
Aug 26, 2015 8:41:35 PM org.hibernate.tool.hbm2ddl.TableMetadata <init>
INFO: HHH000037: Columns: [item_id, attribute_key, attribute_name, id, attribute_value, type]
Aug 26, 2015 8:41:35 PM org.hibernate.tool.hbm2ddl.TableMetadata <init>
INFO: HHH000108: Foreign keys: [fk_jkt30l3cg37c3v0yboq6n6fwp]
Aug 26, 2015 8:41:35 PM org.hibernate.tool.hbm2ddl.TableMetadata <init>
INFO: HHH000126: Indexes: [fk_jkt30l3cg37c3v0yboq6n6fwp, primary]
Aug 26, 2015 8:41:35 PM org.hibernate.tool.hbm2ddl.TableMetadata <init>
INFO: HHH000261: Table found: aab_plastic.items
Aug 26, 2015 8:41:35 PM org.hibernate.tool.hbm2ddl.TableMetadata <init>
INFO: HHH000037: Columns: [code, updated_at, item_number, track_inventory, active, created_at, description, id, quantity_on_hand, display_name, type]
Aug 26, 2015 8:41:35 PM org.hibernate.tool.hbm2ddl.TableMetadata <init>
INFO: HHH000108: Foreign keys: []
Aug 26, 2015 8:41:35 PM org.hibernate.tool.hbm2ddl.TableMetadata <init>
INFO: HHH000126: Indexes: [primary]
Aug 26, 2015 8:41:35 PM org.hibernate.tool.hbm2ddl.TableMetadata <init>
INFO: HHH000261: Table found: aab_plastic.order_items
Aug 26, 2015 8:41:35 PM org.hibernate.tool.hbm2ddl.TableMetadata <init>
INFO: HHH000037: Columns: [blowing_width, quantity, item_id, thickness, length, created_at, outerbag_printing, unit_price, printing, pieces_per_carton, total, total_carton, material, updated_at, bag_type, film_color, pieces_per_outerbag, width, id, order_id]
Aug 26, 2015 8:41:35 PM org.hibernate.tool.hbm2ddl.TableMetadata <init>
INFO: HHH000108: Foreign keys: [fk_9gap2fmw66v092ntb58rtohwh, fk_5uc8gsax8gdiadxw1jo7oxf20]
Aug 26, 2015 8:41:35 PM org.hibernate.tool.hbm2ddl.TableMetadata <init>
INFO: HHH000126: Indexes: [fk_9gap2fmw66v092ntb58rtohwh, fk_5uc8gsax8gdiadxw1jo7oxf20, primary]
Aug 26, 2015 8:41:35 PM org.hibernate.tool.hbm2ddl.TableMetadata <init>
INFO: HHH000261: Table found: aab_plastic.orders
Aug 26, 2015 8:41:35 PM org.hibernate.tool.hbm2ddl.TableMetadata <init>
INFO: HHH000037: Columns: [estimated_time_of_arrival, order_date, total, updated_at, port, order_number, created_at, id, customer_id, estimated_time_of_departure]
Aug 26, 2015 8:41:35 PM org.hibernate.tool.hbm2ddl.TableMetadata <init>
INFO: HHH000108: Foreign keys: [fk_astys1dv61mdlp0n0wx0574r2]
Aug 26, 2015 8:41:35 PM org.hibernate.tool.hbm2ddl.TableMetadata <init>
INFO: HHH000126: Indexes: [fk_astys1dv61mdlp0n0wx0574r2, primary]
Aug 26, 2015 8:41:35 PM org.hibernate.tool.hbm2ddl.TableMetadata <init>
INFO: HHH000261: Table found: aab_plastic.users
Aug 26, 2015 8:41:35 PM org.hibernate.tool.hbm2ddl.TableMetadata <init>
INFO: HHH000037: Columns: [role, password_hash, name, id, email, username]
Aug 26, 2015 8:41:35 PM org.hibernate.tool.hbm2ddl.TableMetadata <init>
INFO: HHH000108: Foreign keys: []
Aug 26, 2015 8:41:35 PM org.hibernate.tool.hbm2ddl.TableMetadata <init>
INFO: HHH000126: Indexes: [primary]
Aug 26, 2015 8:41:35 PM org.hibernate.tool.hbm2ddl.SchemaUpdate execute
INFO: HHH000232: Schema update complete
]]></system-err>
</testsuite>
