<?xml version="1.0" encoding="UTF-8"?>
<testsuite name="com.aabplastic.AabBackOfficeApplicationTests" tests="1" skipped="0" failures="0" errors="0" timestamp="2015-10-31T12:11:46" hostname="Hoangs-MacBook-Pro.local" time="0.003">
  <properties/>
  <testcase name="contextLoads" classname="com.aabplastic.AabBackOfficeApplicationTests" time="0.003"/>
  <system-out><![CDATA[19:11:40.317 [Test worker] DEBUG o.s.t.c.j.SpringJUnit4ClassRunner - SpringJUnit4ClassRunner constructor called with [class com.aabplastic.AabBackOfficeApplicationTests].
19:11:40.324 [Test worker] DEBUG o.s.test.context.BootstrapUtils - Instantiating TestContextBootstrapper from class [org.springframework.test.context.web.WebTestContextBootstrapper]
19:11:40.339 [Test worker] DEBUG o.s.t.c.w.WebTestContextBootstrapper - Found explicit ContextLoader class [org.springframework.boot.test.SpringApplicationContextLoader] for context configuration attributes [ContextConfigurationAttributes@8940e5c declaringClass = 'com.aabplastic.AabBackOfficeApplicationTests', classes = '{class com.aabplastic.AabBackOfficeApplication}', locations = '{}', inheritLocations = true, initializers = '{}', inheritInitializers = true, name = [null], contextLoaderClass = 'org.springframework.boot.test.SpringApplicationContextLoader']
19:11:40.343 [Test worker] DEBUG o.s.t.c.support.ActiveProfilesUtils - Could not find an 'annotation declaring class' for annotation type [org.springframework.test.context.ActiveProfiles] and class [com.aabplastic.AabBackOfficeApplicationTests]
19:11:40.347 [Test worker] DEBUG o.s.t.c.w.WebTestContextBootstrapper - @TestExecutionListeners is not present for class [com.aabplastic.AabBackOfficeApplicationTests]: using defaults.
19:11:40.356 [Test worker] INFO  o.s.t.c.w.WebTestContextBootstrapper - Loaded default TestExecutionListener class names from location [META-INF/spring.factories]: [org.springframework.test.context.web.ServletTestExecutionListener, org.springframework.test.context.support.DependencyInjectionTestExecutionListener, org.springframework.test.context.support.DirtiesContextTestExecutionListener, org.springframework.test.context.transaction.TransactionalTestExecutionListener, org.springframework.test.context.jdbc.SqlScriptsTestExecutionListener]
19:11:40.370 [Test worker] INFO  o.s.t.c.w.WebTestContextBootstrapper - Using TestExecutionListeners: [org.springframework.test.context.web.ServletTestExecutionListener@160a2a92, org.springframework.test.context.support.DependencyInjectionTestExecutionListener@4f8f4496, org.springframework.test.context.support.DirtiesContextTestExecutionListener@19eaa66a, org.springframework.test.context.transaction.TransactionalTestExecutionListener@758bfe8d, org.springframework.test.context.jdbc.SqlScriptsTestExecutionListener@32120414]
19:11:40.373 [Test worker] DEBUG o.s.t.annotation.ProfileValueUtils - Retrieved @ProfileValueSourceConfiguration [null] for test class [com.aabplastic.AabBackOfficeApplicationTests]
19:11:40.374 [Test worker] DEBUG o.s.t.annotation.ProfileValueUtils - Retrieved ProfileValueSource type [class org.springframework.test.annotation.SystemProfileValueSource] for class [com.aabplastic.AabBackOfficeApplicationTests]
19:11:40.375 [Test worker] DEBUG o.s.t.annotation.ProfileValueUtils - Retrieved @ProfileValueSourceConfiguration [null] for test class [com.aabplastic.AabBackOfficeApplicationTests]
19:11:40.375 [Test worker] DEBUG o.s.t.annotation.ProfileValueUtils - Retrieved ProfileValueSource type [class org.springframework.test.annotation.SystemProfileValueSource] for class [com.aabplastic.AabBackOfficeApplicationTests]
19:11:40.377 [Test worker] DEBUG o.s.t.annotation.ProfileValueUtils - Retrieved @ProfileValueSourceConfiguration [null] for test class [com.aabplastic.AabBackOfficeApplicationTests]
19:11:40.377 [Test worker] DEBUG o.s.t.annotation.ProfileValueUtils - Retrieved ProfileValueSource type [class org.springframework.test.annotation.SystemProfileValueSource] for class [com.aabplastic.AabBackOfficeApplicationTests]
19:11:40.441 [Test worker] DEBUG o.s.core.env.StandardEnvironment - Adding [systemProperties] PropertySource with lowest search precedence
19:11:40.443 [Test worker] DEBUG o.s.core.env.StandardEnvironment - Adding [systemEnvironment] PropertySource with lowest search precedence
19:11:40.443 [Test worker] DEBUG o.s.core.env.StandardEnvironment - Initialized StandardEnvironment with PropertySources [systemProperties,systemEnvironment]
19:11:40.445 [Test worker] DEBUG o.s.core.env.StandardEnvironment - Adding [integrationTest] PropertySource with search precedence immediately lower than [systemEnvironment]

  .   ____          _            __ _ _
 /\\ / ___'_ __ _ _(_)_ __  __ _ \ \ \ \
( ( )\___ | '_ | '_| | '_ \/ _` | \ \ \ \
 \\/  ___)| |_)| | | | | || (_| |  ) ) ) )
  '  |____| .__|_| |_|_| |_\__, | / / / /
 =========|_|==============|___/=/_/_/_/
 :: Spring Boot ::        (v1.2.5.RELEASE)

2015-10-31 19:11:40.599  INFO 20617 --- [    Test worker] c.a.AabBackOfficeApplicationTests        : Starting AabBackOfficeApplicationTests on Hoangs-MacBook-Pro.local with PID 20617 (started by wade712vn in /Users/wade712vn/Works/AAB Plastic/development/AABBackOffice)
2015-10-31 19:11:40.647  INFO 20617 --- [    Test worker] o.s.w.c.s.GenericWebApplicationContext   : Refreshing org.springframework.web.context.support.GenericWebApplicationContext@5c1a7b3a: startup date [Sat Oct 31 19:11:40 ICT 2015]; root of context hierarchy
2015-10-31 19:11:41.395  INFO 20617 --- [    Test worker] o.s.b.f.s.DefaultListableBeanFactory     : Overriding bean definition for bean 'beanNameViewResolver': replacing [Root bean: class [null]; scope=; abstract=false; lazyInit=false; autowireMode=3; dependencyCheck=0; autowireCandidate=true; primary=false; factoryBeanName=org.springframework.boot.autoconfigure.web.ErrorMvcAutoConfiguration$WhitelabelErrorViewConfiguration; factoryMethodName=beanNameViewResolver; initMethodName=null; destroyMethodName=(inferred); defined in class path resource [org/springframework/boot/autoconfigure/web/ErrorMvcAutoConfiguration$WhitelabelErrorViewConfiguration.class]] with [Root bean: class [null]; scope=; abstract=false; lazyInit=false; autowireMode=3; dependencyCheck=0; autowireCandidate=true; primary=false; factoryBeanName=org.springframework.boot.autoconfigure.web.WebMvcAutoConfiguration$WebMvcAutoConfigurationAdapter; factoryMethodName=beanNameViewResolver; initMethodName=null; destroyMethodName=(inferred); defined in class path resource [org/springframework/boot/autoconfigure/web/WebMvcAutoConfiguration$WebMvcAutoConfigurationAdapter.class]]
2015-10-31 19:11:41.422  INFO 20617 --- [    Test worker] o.s.b.f.s.DefaultListableBeanFactory     : Overriding bean definition for bean 'ignoredPathsWebSecurityConfigurerAdapter': replacing [Root bean: class [null]; scope=; abstract=false; lazyInit=false; autowireMode=3; dependencyCheck=0; autowireCandidate=true; primary=false; factoryBeanName=org.springframework.boot.autoconfigure.security.SpringBootWebSecurityConfiguration; factoryMethodName=ignoredPathsWebSecurityConfigurerAdapter; initMethodName=null; destroyMethodName=(inferred); defined in class path resource [org/springframework/boot/autoconfigure/security/SpringBootWebSecurityConfiguration.class]] with [Root bean: class [null]; scope=; abstract=false; lazyInit=false; autowireMode=3; dependencyCheck=0; autowireCandidate=true; primary=false; factoryBeanName=org.springframework.boot.actuate.autoconfigure.ManagementSecurityAutoConfiguration; factoryMethodName=ignoredPathsWebSecurityConfigurerAdapter; initMethodName=null; destroyMethodName=(inferred); defined in class path resource [org/springframework/boot/actuate/autoconfigure/ManagementSecurityAutoConfiguration.class]]
2015-10-31 19:11:42.070  INFO 20617 --- [    Test worker] trationDelegate$BeanPostProcessorChecker : Bean 'org.springframework.transaction.annotation.ProxyTransactionManagementConfiguration' of type [class org.springframework.transaction.annotation.ProxyTransactionManagementConfiguration$$EnhancerBySpringCGLIB$$3653d8e] is not eligible for getting processed by all BeanPostProcessors (for example: not eligible for auto-proxying)
2015-10-31 19:11:42.090  INFO 20617 --- [    Test worker] trationDelegate$BeanPostProcessorChecker : Bean 'transactionAttributeSource' of type [class org.springframework.transaction.annotation.AnnotationTransactionAttributeSource] is not eligible for getting processed by all BeanPostProcessors (for example: not eligible for auto-proxying)
2015-10-31 19:11:42.096  INFO 20617 --- [    Test worker] trationDelegate$BeanPostProcessorChecker : Bean 'transactionInterceptor' of type [class org.springframework.transaction.interceptor.TransactionInterceptor] is not eligible for getting processed by all BeanPostProcessors (for example: not eligible for auto-proxying)
2015-10-31 19:11:42.101  INFO 20617 --- [    Test worker] trationDelegate$BeanPostProcessorChecker : Bean 'org.springframework.transaction.config.internalTransactionAdvisor' of type [class org.springframework.transaction.interceptor.BeanFactoryTransactionAttributeSourceAdvisor] is not eligible for getting processed by all BeanPostProcessors (for example: not eligible for auto-proxying)
2015-10-31 19:11:42.119  INFO 20617 --- [    Test worker] trationDelegate$BeanPostProcessorChecker : Bean 'org.springframework.security.config.annotation.configuration.ObjectPostProcessorConfiguration' of type [class org.springframework.security.config.annotation.configuration.ObjectPostProcessorConfiguration$$EnhancerBySpringCGLIB$$2c868688] is not eligible for getting processed by all BeanPostProcessors (for example: not eligible for auto-proxying)
2015-10-31 19:11:42.132  INFO 20617 --- [    Test worker] trationDelegate$BeanPostProcessorChecker : Bean 'objectPostProcessor' of type [class org.springframework.security.config.annotation.configuration.AutowireBeanFactoryObjectPostProcessor] is not eligible for getting processed by all BeanPostProcessors (for example: not eligible for auto-proxying)
2015-10-31 19:11:42.133  INFO 20617 --- [    Test worker] trationDelegate$BeanPostProcessorChecker : Bean 'org.springframework.security.access.expression.method.DefaultMethodSecurityExpressionHandler@cbcd8c0' of type [class org.springframework.security.access.expression.method.DefaultMethodSecurityExpressionHandler] is not eligible for getting processed by all BeanPostProcessors (for example: not eligible for auto-proxying)
2015-10-31 19:11:42.149  INFO 20617 --- [    Test worker] trationDelegate$BeanPostProcessorChecker : Bean 'org.springframework.security.config.annotation.method.configuration.GlobalMethodSecurityConfiguration' of type [class org.springframework.security.config.annotation.method.configuration.GlobalMethodSecurityConfiguration$$EnhancerBySpringCGLIB$$df64bafa] is not eligible for getting processed by all BeanPostProcessors (for example: not eligible for auto-proxying)
2015-10-31 19:11:42.160  INFO 20617 --- [    Test worker] trationDelegate$BeanPostProcessorChecker : Bean 'methodSecurityMetadataSource' of type [class org.springframework.security.access.method.DelegatingMethodSecurityMetadataSource] is not eligible for getting processed by all BeanPostProcessors (for example: not eligible for auto-proxying)
2015-10-31 19:11:42.163  INFO 20617 --- [    Test worker] trationDelegate$BeanPostProcessorChecker : Bean 'metaDataSourceAdvisor' of type [class org.springframework.security.access.intercept.aopalliance.MethodSecurityMetadataSourceAdvisor] is not eligible for getting processed by all BeanPostProcessors (for example: not eligible for auto-proxying)
2015-10-31 19:11:42.577  INFO 20617 --- [    Test worker] j.LocalContainerEntityManagerFactoryBean : Building JPA container EntityManagerFactory for persistence unit 'default'
2015-10-31 19:11:42.596  INFO 20617 --- [    Test worker] o.hibernate.jpa.internal.util.LogHelper  : HHH000204: Processing PersistenceUnitInfo [
	name: default
	...]
2015-10-31 19:11:42.655  INFO 20617 --- [    Test worker] org.hibernate.Version                    : HHH000412: Hibernate Core {4.3.10.Final}
2015-10-31 19:11:42.656  INFO 20617 --- [    Test worker] org.hibernate.cfg.Environment            : HHH000206: hibernate.properties not found
2015-10-31 19:11:42.658  INFO 20617 --- [    Test worker] org.hibernate.cfg.Environment            : HHH000021: Bytecode provider name : javassist
2015-10-31 19:11:42.830  INFO 20617 --- [    Test worker] o.hibernate.annotations.common.Version   : HCANN000001: Hibernate Commons Annotations {4.0.5.Final}
2015-10-31 19:11:43.185  INFO 20617 --- [    Test worker] org.hibernate.dialect.Dialect            : HHH000400: Using dialect: org.hibernate.dialect.MySQL5Dialect
2015-10-31 19:11:43.325  INFO 20617 --- [    Test worker] o.h.h.i.ast.ASTQueryTranslatorFactory    : HHH000397: Using ASTQueryTranslatorFactory
2015-10-31 19:11:43.626  INFO 20617 --- [    Test worker] org.hibernate.tool.hbm2ddl.SchemaUpdate  : HHH000228: Running hbm2ddl schema update
2015-10-31 19:11:43.627  INFO 20617 --- [    Test worker] org.hibernate.tool.hbm2ddl.SchemaUpdate  : HHH000102: Fetching database metadata
2015-10-31 19:11:43.628  INFO 20617 --- [    Test worker] org.hibernate.tool.hbm2ddl.SchemaUpdate  : HHH000396: Updating schema
2015-10-31 19:11:43.647  INFO 20617 --- [    Test worker] o.hibernate.tool.hbm2ddl.TableMetadata   : HHH000261: Table found: aab_plastic.bill_of_materials
2015-10-31 19:11:43.647  INFO 20617 --- [    Test worker] o.hibernate.tool.hbm2ddl.TableMetadata   : HHH000037: Columns: [updated_at, name, created_at, description, id]
2015-10-31 19:11:43.647  INFO 20617 --- [    Test worker] o.hibernate.tool.hbm2ddl.TableMetadata   : HHH000108: Foreign keys: []
2015-10-31 19:11:43.647  INFO 20617 --- [    Test worker] o.hibernate.tool.hbm2ddl.TableMetadata   : HHH000126: Indexes: [primary]
2015-10-31 19:11:43.655  INFO 20617 --- [    Test worker] o.hibernate.tool.hbm2ddl.TableMetadata   : HHH000261: Table found: aab_plastic.bill_of_materials_items
2015-10-31 19:11:43.655  INFO 20617 --- [    Test worker] o.hibernate.tool.hbm2ddl.TableMetadata   : HHH000037: Columns: [bill_id, quantity, material_id, id]
2015-10-31 19:11:43.656  INFO 20617 --- [    Test worker] o.hibernate.tool.hbm2ddl.TableMetadata   : HHH000108: Foreign keys: [fk_6lkdn7lp691d7k9vwpcbt035m, fk_dqaldteifxn79g12nuuvq9i36]
2015-10-31 19:11:43.656  INFO 20617 --- [    Test worker] o.hibernate.tool.hbm2ddl.TableMetadata   : HHH000126: Indexes: [fk_6lkdn7lp691d7k9vwpcbt035m, fk_dqaldteifxn79g12nuuvq9i36, primary]
2015-10-31 19:11:43.662  INFO 20617 --- [    Test worker] o.hibernate.tool.hbm2ddl.TableMetadata   : HHH000261: Table found: aab_plastic.customers
2015-10-31 19:11:43.662  INFO 20617 --- [    Test worker] o.hibernate.tool.hbm2ddl.TableMetadata   : HHH000037: Columns: [website, active, created_at, last_name, display_name, middle_name, title, primary_phone, email_address, updated_at, company_name, alternate_phone, id, first_name]
2015-10-31 19:11:43.662  INFO 20617 --- [    Test worker] o.hibernate.tool.hbm2ddl.TableMetadata   : HHH000108: Foreign keys: []
2015-10-31 19:11:43.662  INFO 20617 --- [    Test worker] o.hibernate.tool.hbm2ddl.TableMetadata   : HHH000126: Indexes: [primary]
2015-10-31 19:11:43.670  INFO 20617 --- [    Test worker] o.hibernate.tool.hbm2ddl.TableMetadata   : HHH000261: Table found: aab_plastic.estimate_item_expenses
2015-10-31 19:11:43.670  INFO 20617 --- [    Test worker] o.hibernate.tool.hbm2ddl.TableMetadata   : HHH000037: Columns: [total, id, expense_id, estimate_item_id]
2015-10-31 19:11:43.670  INFO 20617 --- [    Test worker] o.hibernate.tool.hbm2ddl.TableMetadata   : HHH000108: Foreign keys: [fk_9ma9lnay8o4m0btky1tfrcd9r, fk_877k4vv96b93d050n4414st3q]
2015-10-31 19:11:43.670  INFO 20617 --- [    Test worker] o.hibernate.tool.hbm2ddl.TableMetadata   : HHH000126: Indexes: [fk_9ma9lnay8o4m0btky1tfrcd9r, fk_877k4vv96b93d050n4414st3q, primary]
2015-10-31 19:11:43.675  INFO 20617 --- [    Test worker] o.hibernate.tool.hbm2ddl.TableMetadata   : HHH000261: Table found: aab_plastic.estimate_item_materials
2015-10-31 19:11:43.675  INFO 20617 --- [    Test worker] o.hibernate.tool.hbm2ddl.TableMetadata   : HHH000037: Columns: [total, quantity, material_id, id, cost_per_weight_unit, estimate_item_id]
2015-10-31 19:11:43.676  INFO 20617 --- [    Test worker] o.hibernate.tool.hbm2ddl.TableMetadata   : HHH000108: Foreign keys: [fk_babtei35gd8l1gro2u73ymwda, fk_b15is0il0v7xaeiaal787tw2o]
2015-10-31 19:11:43.676  INFO 20617 --- [    Test worker] o.hibernate.tool.hbm2ddl.TableMetadata   : HHH000126: Indexes: [fk_babtei35gd8l1gro2u73ymwda, fk_b15is0il0v7xaeiaal787tw2o, primary]
2015-10-31 19:11:43.681  INFO 20617 --- [    Test worker] o.hibernate.tool.hbm2ddl.TableMetadata   : HHH000261: Table found: aab_plastic.estimate_items
2015-10-31 19:11:43.681  INFO 20617 --- [    Test worker] o.hibernate.tool.hbm2ddl.TableMetadata   : HHH000037: Columns: [actual_unit_weight, blowing_width, price_per_weight_unit, quantity, handle_width, total_cost, thickness, estimate_id, length, actual_total_weight, handle_length, total_weight, order_item_id, actual_price_per_weight_unit, emboss, total, gusset, handle_ratio, product_id, width, id, unit_weight, actual_thickness]
2015-10-31 19:11:43.681  INFO 20617 --- [    Test worker] o.hibernate.tool.hbm2ddl.TableMetadata   : HHH000108: Foreign keys: [fk_91dg70dic0d69064ix8vvx1bq, fk_e8ihg3w7hlyusm1m1a4wftyop, fk_jhaqhmfimnjh9bw8i81ksu2gw]
2015-10-31 19:11:43.681  INFO 20617 --- [    Test worker] o.hibernate.tool.hbm2ddl.TableMetadata   : HHH000126: Indexes: [fk_91dg70dic0d69064ix8vvx1bq, fk_e8ihg3w7hlyusm1m1a4wftyop, primary, fk_jhaqhmfimnjh9bw8i81ksu2gw]
2015-10-31 19:11:43.685  INFO 20617 --- [    Test worker] o.hibernate.tool.hbm2ddl.TableMetadata   : HHH000261: Table found: aab_plastic.estimates
2015-10-31 19:11:43.686  INFO 20617 --- [    Test worker] o.hibernate.tool.hbm2ddl.TableMetadata   : HHH000037: Columns: [updated_at, order_number, created_at, id, order_id]
2015-10-31 19:11:43.686  INFO 20617 --- [    Test worker] o.hibernate.tool.hbm2ddl.TableMetadata   : HHH000108: Foreign keys: [fk_tyfs578sh0oef8yl6joabm6j]
2015-10-31 19:11:43.686  INFO 20617 --- [    Test worker] o.hibernate.tool.hbm2ddl.TableMetadata   : HHH000126: Indexes: [uk_tyfs578sh0oef8yl6joabm6j, primary]
2015-10-31 19:11:43.690  INFO 20617 --- [    Test worker] o.hibernate.tool.hbm2ddl.TableMetadata   : HHH000261: Table found: aab_plastic.expenses
2015-10-31 19:11:43.690  INFO 20617 --- [    Test worker] o.hibernate.tool.hbm2ddl.TableMetadata   : HHH000037: Columns: [updated_at, name, description, created_at, id]
2015-10-31 19:11:43.691  INFO 20617 --- [    Test worker] o.hibernate.tool.hbm2ddl.TableMetadata   : HHH000108: Foreign keys: []
2015-10-31 19:11:43.691  INFO 20617 --- [    Test worker] o.hibernate.tool.hbm2ddl.TableMetadata   : HHH000126: Indexes: [primary]
2015-10-31 19:11:43.695  INFO 20617 --- [    Test worker] o.hibernate.tool.hbm2ddl.TableMetadata   : HHH000261: Table found: aab_plastic.materials
2015-10-31 19:11:43.696  INFO 20617 --- [    Test worker] o.hibernate.tool.hbm2ddl.TableMetadata   : HHH000037: Columns: [updated_at, name, active, created_at, description, unit_cost, id]
2015-10-31 19:11:43.696  INFO 20617 --- [    Test worker] o.hibernate.tool.hbm2ddl.TableMetadata   : HHH000108: Foreign keys: []
2015-10-31 19:11:43.696  INFO 20617 --- [    Test worker] o.hibernate.tool.hbm2ddl.TableMetadata   : HHH000126: Indexes: [primary]
2015-10-31 19:11:43.701  INFO 20617 --- [    Test worker] o.hibernate.tool.hbm2ddl.TableMetadata   : HHH000261: Table found: aab_plastic.order_items
2015-10-31 19:11:43.701  INFO 20617 --- [    Test worker] o.hibernate.tool.hbm2ddl.TableMetadata   : HHH000037: Columns: [blowing_width, quantity, handle_width, thickness, length, created_at, outerbag_printing, unit_price, handle_length, printing, pieces_per_carton, emboss, total, total_carton, material, updated_at, bag_type, handle_ratio, film_color, pieces_per_outerbag, product_id, width, id, order_id]
2015-10-31 19:11:43.702  INFO 20617 --- [    Test worker] o.hibernate.tool.hbm2ddl.TableMetadata   : HHH000108: Foreign keys: [fk_9gap2fmw66v092ntb58rtohwh, fk_3fea23hxar30bx7m7h8ed25n9]
2015-10-31 19:11:43.702  INFO 20617 --- [    Test worker] o.hibernate.tool.hbm2ddl.TableMetadata   : HHH000126: Indexes: [fk_9gap2fmw66v092ntb58rtohwh, fk_3fea23hxar30bx7m7h8ed25n9, primary]
2015-10-31 19:11:43.706  INFO 20617 --- [    Test worker] o.hibernate.tool.hbm2ddl.TableMetadata   : HHH000261: Table found: aab_plastic.orders
2015-10-31 19:11:43.706  INFO 20617 --- [    Test worker] o.hibernate.tool.hbm2ddl.TableMetadata   : HHH000037: Columns: [estimated_time_of_arrival, order_date, total, updated_at, port, order_number, created_at, id, customer_id, estimated_time_of_departure]
2015-10-31 19:11:43.707  INFO 20617 --- [    Test worker] o.hibernate.tool.hbm2ddl.TableMetadata   : HHH000108: Foreign keys: [fk_astys1dv61mdlp0n0wx0574r2]
2015-10-31 19:11:43.707  INFO 20617 --- [    Test worker] o.hibernate.tool.hbm2ddl.TableMetadata   : HHH000126: Indexes: [fk_astys1dv61mdlp0n0wx0574r2, primary]
2015-10-31 19:11:43.711  INFO 20617 --- [    Test worker] o.hibernate.tool.hbm2ddl.TableMetadata   : HHH000261: Table found: aab_plastic.products
2015-10-31 19:11:43.711  INFO 20617 --- [    Test worker] o.hibernate.tool.hbm2ddl.TableMetadata   : HHH000037: Columns: [blowing_width, handle_width, thickness, length, active, created_at, description, outerbag_printing, handle_length, printing, pieces_per_carton, emboss, gusset, material, updated_at, bag_type, film_color, pieces_per_outerbag, name, width, id]
2015-10-31 19:11:43.712  INFO 20617 --- [    Test worker] o.hibernate.tool.hbm2ddl.TableMetadata   : HHH000108: Foreign keys: []
2015-10-31 19:11:43.712  INFO 20617 --- [    Test worker] o.hibernate.tool.hbm2ddl.TableMetadata   : HHH000126: Indexes: [primary]
2015-10-31 19:11:43.716  INFO 20617 --- [    Test worker] o.hibernate.tool.hbm2ddl.TableMetadata   : HHH000261: Table found: aab_plastic.users
2015-10-31 19:11:43.717  INFO 20617 --- [    Test worker] o.hibernate.tool.hbm2ddl.TableMetadata   : HHH000037: Columns: [role, password_hash, name, id, email, username]
2015-10-31 19:11:43.717  INFO 20617 --- [    Test worker] o.hibernate.tool.hbm2ddl.TableMetadata   : HHH000108: Foreign keys: []
2015-10-31 19:11:43.717  INFO 20617 --- [    Test worker] o.hibernate.tool.hbm2ddl.TableMetadata   : HHH000126: Indexes: [primary]
2015-10-31 19:11:43.718  INFO 20617 --- [    Test worker] org.hibernate.tool.hbm2ddl.SchemaUpdate  : HHH000232: Schema update complete
2015-10-31 19:11:44.910  INFO 20617 --- [    Test worker] b.a.s.AuthenticationManagerConfiguration : 

Using default security password: 44a9b922-495e-406f-837b-415bac4532ea

2015-10-31 19:11:45.159  INFO 20617 --- [    Test worker] s.w.s.m.m.a.RequestMappingHandlerAdapter : Looking for @ControllerAdvice: org.springframework.web.context.support.GenericWebApplicationContext@5c1a7b3a: startup date [Sat Oct 31 19:11:40 ICT 2015]; root of context hierarchy
2015-10-31 19:11:45.211  INFO 20617 --- [    Test worker] s.w.s.m.m.a.RequestMappingHandlerMapping : Mapped "{[/login],methods=[GET]}" onto public org.springframework.web.servlet.ModelAndView com.aabplastic.backoffice.controllers.mvc.AccountController.login(java.util.Optional<java.lang.String>)
2015-10-31 19:11:45.212  INFO 20617 --- [    Test worker] s.w.s.m.m.a.RequestMappingHandlerMapping : Mapped "{[/boms]}" onto public java.lang.String com.aabplastic.backoffice.controllers.mvc.BillsOfMaterialsController.listBillOfMaterialss(org.springframework.ui.Model) throws java.lang.Exception
2015-10-31 19:11:45.212  INFO 20617 --- [    Test worker] s.w.s.m.m.a.RequestMappingHandlerMapping : Mapped "{[/boms/new]}" onto public java.lang.String com.aabplastic.backoffice.controllers.mvc.BillsOfMaterialsController.newBillOfMaterials(org.springframework.ui.Model) throws java.lang.Exception
2015-10-31 19:11:45.212  INFO 20617 --- [    Test worker] s.w.s.m.m.a.RequestMappingHandlerMapping : Mapped "{[/boms/edit/{id}]}" onto public java.lang.String com.aabplastic.backoffice.controllers.mvc.BillsOfMaterialsController.editBillOfMaterials(long,org.springframework.ui.Model) throws java.lang.Exception
2015-10-31 19:11:45.213  INFO 20617 --- [    Test worker] s.w.s.m.m.a.RequestMappingHandlerMapping : Mapped "{[/customers],methods=[GET]}" onto public java.lang.String com.aabplastic.backoffice.controllers.mvc.CustomersController.listCustomers(org.springframework.ui.Model) throws java.lang.Exception
2015-10-31 19:11:45.213  INFO 20617 --- [    Test worker] s.w.s.m.m.a.RequestMappingHandlerMapping : Mapped "{[/customers/new],methods=[GET]}" onto public java.lang.String com.aabplastic.backoffice.controllers.mvc.CustomersController.newCustomer(org.springframework.ui.Model)
2015-10-31 19:11:45.213  INFO 20617 --- [    Test worker] s.w.s.m.m.a.RequestMappingHandlerMapping : Mapped "{[/estimates/new],methods=[GET]}" onto public java.lang.String com.aabplastic.backoffice.controllers.mvc.EstimatesController.newEstimate(org.springframework.ui.Model,long,org.springframework.web.servlet.mvc.support.RedirectAttributes) throws com.fasterxml.jackson.core.JsonProcessingException
2015-10-31 19:11:45.213  INFO 20617 --- [    Test worker] s.w.s.m.m.a.RequestMappingHandlerMapping : Mapped "{[/estimates/edit/{id}],methods=[GET]}" onto public java.lang.String com.aabplastic.backoffice.controllers.mvc.EstimatesController.editEstimate(org.springframework.ui.Model,long) throws com.fasterxml.jackson.core.JsonProcessingException
2015-10-31 19:11:45.214  INFO 20617 --- [    Test worker] s.w.s.m.m.a.RequestMappingHandlerMapping : Mapped "{[/expenses]}" onto public java.lang.String com.aabplastic.backoffice.controllers.mvc.ExpensesController.listExpenses(org.springframework.ui.Model) throws java.lang.Exception
2015-10-31 19:11:45.214  INFO 20617 --- [    Test worker] s.w.s.m.m.a.RequestMappingHandlerMapping : Mapped "{[/expenses/new]}" onto public java.lang.String com.aabplastic.backoffice.controllers.mvc.ExpensesController.newExpense(org.springframework.ui.Model)
2015-10-31 19:11:45.214  INFO 20617 --- [    Test worker] s.w.s.m.m.a.RequestMappingHandlerMapping : Mapped "{[/expenses/edit/{id}]}" onto public java.lang.String com.aabplastic.backoffice.controllers.mvc.ExpensesController.editExpense(long,org.springframework.ui.Model) throws java.lang.Exception
2015-10-31 19:11:45.214  INFO 20617 --- [    Test worker] s.w.s.m.m.a.RequestMappingHandlerMapping : Mapped "{[/]}" onto public java.lang.String com.aabplastic.backoffice.controllers.mvc.HomeController.index(org.springframework.ui.Model)
2015-10-31 19:11:45.216  INFO 20617 --- [    Test worker] s.w.s.m.m.a.RequestMappingHandlerMapping : Mapped "{[/orders],methods=[GET]}" onto public java.lang.String com.aabplastic.backoffice.controllers.mvc.OrdersController.listOrders(org.springframework.ui.Model) throws java.lang.Exception
2015-10-31 19:11:45.216  INFO 20617 --- [    Test worker] s.w.s.m.m.a.RequestMappingHandlerMapping : Mapped "{[/orders/new],methods=[GET]}" onto public java.lang.String com.aabplastic.backoffice.controllers.mvc.OrdersController.newOrder(org.springframework.ui.Model) throws com.fasterxml.jackson.core.JsonProcessingException
2015-10-31 19:11:45.216  INFO 20617 --- [    Test worker] s.w.s.m.m.a.RequestMappingHandlerMapping : Mapped "{[/orders/edit/{id}],methods=[GET]}" onto public java.lang.String com.aabplastic.backoffice.controllers.mvc.OrdersController.editOrder(org.springframework.ui.Model,long) throws com.fasterxml.jackson.core.JsonProcessingException
2015-10-31 19:11:45.216  INFO 20617 --- [    Test worker] s.w.s.m.m.a.RequestMappingHandlerMapping : Mapped "{[/orders/productionsheet/{id}],methods=[GET]}" onto public java.lang.String com.aabplastic.backoffice.controllers.mvc.OrdersController.productionSheet(org.springframework.ui.Model,long) throws com.fasterxml.jackson.core.JsonProcessingException
2015-10-31 19:11:45.216  INFO 20617 --- [    Test worker] s.w.s.m.m.a.RequestMappingHandlerMapping : Mapped "{[/orders/productionsheet/{id}],methods=[POST],consumes=[application/x-www-form-urlencoded]}" onto public void com.aabplastic.backoffice.controllers.mvc.OrdersController.generateProductionSheet(long,java.lang.String,javax.servlet.http.HttpServletResponse) throws java.io.IOException
2015-10-31 19:11:45.217  INFO 20617 --- [    Test worker] s.w.s.m.m.a.RequestMappingHandlerMapping : Mapped "{[/products]}" onto public java.lang.String com.aabplastic.backoffice.controllers.mvc.ProductsController.listProducts(org.springframework.ui.Model,java.lang.Integer,java.lang.Integer) throws java.lang.Exception
2015-10-31 19:11:45.217  INFO 20617 --- [    Test worker] s.w.s.m.m.a.RequestMappingHandlerMapping : Mapped "{[/products/new]}" onto public java.lang.String com.aabplastic.backoffice.controllers.mvc.ProductsController.newProduct(org.springframework.ui.Model)
2015-10-31 19:11:45.217  INFO 20617 --- [    Test worker] s.w.s.m.m.a.RequestMappingHandlerMapping : Mapped "{[/products/edit/{id}]}" onto public java.lang.String com.aabplastic.backoffice.controllers.mvc.ProductsController.editProduct(long,org.springframework.ui.Model) throws java.lang.Exception
2015-10-31 19:11:45.218  INFO 20617 --- [    Test worker] s.w.s.m.m.a.RequestMappingHandlerMapping : Mapped "{[/materials]}" onto public java.lang.String com.aabplastic.backoffice.controllers.mvc.RawMaterialsController.listMaterials(org.springframework.ui.Model) throws java.lang.Exception
2015-10-31 19:11:45.218  INFO 20617 --- [    Test worker] s.w.s.m.m.a.RequestMappingHandlerMapping : Mapped "{[/materials/new]}" onto public java.lang.String com.aabplastic.backoffice.controllers.mvc.RawMaterialsController.newMaterial(org.springframework.ui.Model)
2015-10-31 19:11:45.218  INFO 20617 --- [    Test worker] s.w.s.m.m.a.RequestMappingHandlerMapping : Mapped "{[/materials/edit/{id}]}" onto public java.lang.String com.aabplastic.backoffice.controllers.mvc.RawMaterialsController.editMaterial(long,org.springframework.ui.Model) throws java.lang.Exception
2015-10-31 19:11:45.219  INFO 20617 --- [    Test worker] s.w.s.m.m.a.RequestMappingHandlerMapping : Mapped "{[/api/boms/{id}],methods=[GET]}" onto public com.aabplastic.backoffice.models.BillOfMaterials com.aabplastic.backoffice.controllers.rest.BillOfMaterialsRestController.get(long)
2015-10-31 19:11:45.219  INFO 20617 --- [    Test worker] s.w.s.m.m.a.RequestMappingHandlerMapping : Mapped "{[/api/boms/{id}],methods=[PUT]}" onto public com.aabplastic.backoffice.models.BillOfMaterials com.aabplastic.backoffice.controllers.rest.BillOfMaterialsRestController.update(long,com.aabplastic.backoffice.models.BillOfMaterials)
2015-10-31 19:11:45.219  INFO 20617 --- [    Test worker] s.w.s.m.m.a.RequestMappingHandlerMapping : Mapped "{[/api/boms],methods=[POST]}" onto public com.aabplastic.backoffice.models.BillOfMaterials com.aabplastic.backoffice.controllers.rest.BillOfMaterialsRestController.create(com.aabplastic.backoffice.models.BillOfMaterials)
2015-10-31 19:11:45.219  INFO 20617 --- [    Test worker] s.w.s.m.m.a.RequestMappingHandlerMapping : Mapped "{[/api/boms],methods=[GET]}" onto public java.lang.Iterable<com.aabplastic.backoffice.models.BillOfMaterials> com.aabplastic.backoffice.controllers.rest.BillOfMaterialsRestController.listBOMs()
2015-10-31 19:11:45.220  INFO 20617 --- [    Test worker] s.w.s.m.m.a.RequestMappingHandlerMapping : Mapped "{[/api/customers],methods=[POST]}" onto public com.aabplastic.backoffice.models.dto.CustomerDto com.aabplastic.backoffice.controllers.rest.CustomersRestController.create(com.aabplastic.backoffice.models.dto.CustomerDto)
2015-10-31 19:11:45.220  INFO 20617 --- [    Test worker] s.w.s.m.m.a.RequestMappingHandlerMapping : Mapped "{[/api/customers/{id}],methods=[PUT]}" onto public com.aabplastic.backoffice.models.dto.CustomerDto com.aabplastic.backoffice.controllers.rest.CustomersRestController.create(long,com.aabplastic.backoffice.models.dto.CustomerDto)
2015-10-31 19:11:45.220  INFO 20617 --- [    Test worker] s.w.s.m.m.a.RequestMappingHandlerMapping : Mapped "{[/api/estimates],methods=[POST]}" onto public com.aabplastic.backoffice.models.Estimate com.aabplastic.backoffice.controllers.rest.EstimatesRestController.createEstimate(com.aabplastic.backoffice.models.Estimate,org.springframework.validation.BindingResult)
2015-10-31 19:11:45.220  INFO 20617 --- [    Test worker] s.w.s.m.m.a.RequestMappingHandlerMapping : Mapped "{[/api/estimates/{id}],methods=[PUT]}" onto public com.aabplastic.backoffice.models.Estimate com.aabplastic.backoffice.controllers.rest.EstimatesRestController.updateEstimate(long,com.aabplastic.backoffice.models.Estimate,org.springframework.validation.BindingResult)
2015-10-31 19:11:45.221  INFO 20617 --- [    Test worker] s.w.s.m.m.a.RequestMappingHandlerMapping : Mapped "{[/api/expenses/{id}],methods=[GET]}" onto public com.aabplastic.backoffice.models.Expense com.aabplastic.backoffice.controllers.rest.ExpensesRestController.get(long)
2015-10-31 19:11:45.221  INFO 20617 --- [    Test worker] s.w.s.m.m.a.RequestMappingHandlerMapping : Mapped "{[/api/expenses/{id}],methods=[PUT]}" onto public com.aabplastic.backoffice.models.Expense com.aabplastic.backoffice.controllers.rest.ExpensesRestController.update(long,com.aabplastic.backoffice.models.Expense)
2015-10-31 19:11:45.221  INFO 20617 --- [    Test worker] s.w.s.m.m.a.RequestMappingHandlerMapping : Mapped "{[/api/expenses],methods=[POST]}" onto public com.aabplastic.backoffice.models.Expense com.aabplastic.backoffice.controllers.rest.ExpensesRestController.create(com.aabplastic.backoffice.models.Expense)
2015-10-31 19:11:45.221  INFO 20617 --- [    Test worker] s.w.s.m.m.a.RequestMappingHandlerMapping : Mapped "{[/api/expenses],methods=[GET]}" onto public java.lang.Iterable<com.aabplastic.backoffice.models.Expense> com.aabplastic.backoffice.controllers.rest.ExpensesRestController.listExpenses()
2015-10-31 19:11:45.222  INFO 20617 --- [    Test worker] s.w.s.m.m.a.RequestMappingHandlerMapping : Mapped "{[/api/orders],methods=[GET]}" onto public java.util.List<com.aabplastic.backoffice.models.Order> com.aabplastic.backoffice.controllers.rest.OrdersRestController.listOrders(org.springframework.ui.Model,java.lang.String,java.lang.Integer,java.lang.Integer) throws java.lang.Exception
2015-10-31 19:11:45.222  INFO 20617 --- [    Test worker] s.w.s.m.m.a.RequestMappingHandlerMapping : Mapped "{[/api/orders],methods=[POST]}" onto public com.aabplastic.backoffice.models.Order com.aabplastic.backoffice.controllers.rest.OrdersRestController.createOrder(com.aabplastic.backoffice.models.Order,org.springframework.validation.BindingResult)
2015-10-31 19:11:45.222  INFO 20617 --- [    Test worker] s.w.s.m.m.a.RequestMappingHandlerMapping : Mapped "{[/api/orders/{id}],methods=[PUT]}" onto public com.aabplastic.backoffice.models.Order com.aabplastic.backoffice.controllers.rest.OrdersRestController.updateOrder(long,com.aabplastic.backoffice.models.Order,org.springframework.validation.BindingResult)
2015-10-31 19:11:45.224  INFO 20617 --- [    Test worker] s.w.s.m.m.a.RequestMappingHandlerMapping : Mapped "{[/api/products/{id}],methods=[GET]}" onto public com.aabplastic.backoffice.models.Product com.aabplastic.backoffice.controllers.rest.ProductsRestController.get(long)
2015-10-31 19:11:45.224  INFO 20617 --- [    Test worker] s.w.s.m.m.a.RequestMappingHandlerMapping : Mapped "{[/api/products/{id}],methods=[PUT]}" onto public com.aabplastic.backoffice.models.Product com.aabplastic.backoffice.controllers.rest.ProductsRestController.update(long,com.aabplastic.backoffice.models.Product)
2015-10-31 19:11:45.224  INFO 20617 --- [    Test worker] s.w.s.m.m.a.RequestMappingHandlerMapping : Mapped "{[/api/products],methods=[POST]}" onto public com.aabplastic.backoffice.models.Product com.aabplastic.backoffice.controllers.rest.ProductsRestController.create(com.aabplastic.backoffice.models.Product)
2015-10-31 19:11:45.225  INFO 20617 --- [    Test worker] s.w.s.m.m.a.RequestMappingHandlerMapping : Mapped "{[/api/products],methods=[GET]}" onto public java.lang.Iterable<com.aabplastic.backoffice.models.Product> com.aabplastic.backoffice.controllers.rest.ProductsRestController.listProducts()
2015-10-31 19:11:45.225  INFO 20617 --- [    Test worker] s.w.s.m.m.a.RequestMappingHandlerMapping : Mapped "{[/api/materials/{id}],methods=[GET]}" onto public com.aabplastic.backoffice.models.Material com.aabplastic.backoffice.controllers.rest.RawMaterialsRestController.get(long)
2015-10-31 19:11:45.225  INFO 20617 --- [    Test worker] s.w.s.m.m.a.RequestMappingHandlerMapping : Mapped "{[/api/materials/{id}],methods=[PUT]}" onto public com.aabplastic.backoffice.models.Material com.aabplastic.backoffice.controllers.rest.RawMaterialsRestController.update(long,com.aabplastic.backoffice.models.Material)
2015-10-31 19:11:45.225  INFO 20617 --- [    Test worker] s.w.s.m.m.a.RequestMappingHandlerMapping : Mapped "{[/api/materials],methods=[POST]}" onto public com.aabplastic.backoffice.models.Material com.aabplastic.backoffice.controllers.rest.RawMaterialsRestController.create(com.aabplastic.backoffice.models.Material)
2015-10-31 19:11:45.225  INFO 20617 --- [    Test worker] s.w.s.m.m.a.RequestMappingHandlerMapping : Mapped "{[/api/materials],methods=[GET]}" onto public java.lang.Iterable<com.aabplastic.backoffice.models.Material> com.aabplastic.backoffice.controllers.rest.RawMaterialsRestController.listMaterials()
2015-10-31 19:11:45.226  INFO 20617 --- [    Test worker] s.w.s.m.m.a.RequestMappingHandlerMapping : Mapped "{[/api/users],methods=[POST]}" onto public com.aabplastic.backoffice.models.dto.UserDto com.aabplastic.backoffice.controllers.rest.UsersRestController.create(com.aabplastic.backoffice.models.dto.UserDto)
2015-10-31 19:11:45.226  INFO 20617 --- [    Test worker] s.w.s.m.m.a.RequestMappingHandlerMapping : Mapped "{[/error]}" onto public org.springframework.http.ResponseEntity<java.util.Map<java.lang.String, java.lang.Object>> org.springframework.boot.autoconfigure.web.BasicErrorController.error(javax.servlet.http.HttpServletRequest)
2015-10-31 19:11:45.226  INFO 20617 --- [    Test worker] s.w.s.m.m.a.RequestMappingHandlerMapping : Mapped "{[/error],produces=[text/html]}" onto public org.springframework.web.servlet.ModelAndView org.springframework.boot.autoconfigure.web.BasicErrorController.errorHtml(javax.servlet.http.HttpServletRequest)
2015-10-31 19:11:45.255  INFO 20617 --- [    Test worker] o.s.w.s.handler.SimpleUrlHandlerMapping  : Mapped URL path [/webjars/**] onto handler of type [class org.springframework.web.servlet.resource.ResourceHttpRequestHandler]
2015-10-31 19:11:45.255  INFO 20617 --- [    Test worker] o.s.w.s.handler.SimpleUrlHandlerMapping  : Mapped URL path [/**] onto handler of type [class org.springframework.web.servlet.resource.ResourceHttpRequestHandler]
2015-10-31 19:11:45.272  INFO 20617 --- [    Test worker] .m.m.a.ExceptionHandlerExceptionResolver : Detected @ExceptionHandler methods in mvcExceptionHandlerAdvice
2015-10-31 19:11:45.272  INFO 20617 --- [    Test worker] .m.m.a.ExceptionHandlerExceptionResolver : Detected @ExceptionHandler methods in restApiExceptionHandlerAdvice
2015-10-31 19:11:45.291  INFO 20617 --- [    Test worker] o.s.w.s.handler.SimpleUrlHandlerMapping  : Mapped URL path [/**/favicon.ico] onto handler of type [class org.springframework.web.servlet.resource.ResourceHttpRequestHandler]
2015-10-31 19:11:45.640  INFO 20617 --- [    Test worker] o.s.b.a.e.mvc.EndpointHandlerMapping     : Mapped "{[/health]}" onto public java.lang.Object org.springframework.boot.actuate.endpoint.mvc.HealthMvcEndpoint.invoke(java.security.Principal)
2015-10-31 19:11:45.641  INFO 20617 --- [    Test worker] o.s.b.a.e.mvc.EndpointHandlerMapping     : Mapped "{[/env/{name:.*}],methods=[GET]}" onto public java.lang.Object org.springframework.boot.actuate.endpoint.mvc.EnvironmentMvcEndpoint.value(java.lang.String)
2015-10-31 19:11:45.641  INFO 20617 --- [    Test worker] o.s.b.a.e.mvc.EndpointHandlerMapping     : Mapped "{[/env],methods=[GET]}" onto public java.lang.Object org.springframework.boot.actuate.endpoint.mvc.EndpointMvcAdapter.invoke()
2015-10-31 19:11:45.641  INFO 20617 --- [    Test worker] o.s.b.a.e.mvc.EndpointHandlerMapping     : Mapped "{[/trace],methods=[GET]}" onto public java.lang.Object org.springframework.boot.actuate.endpoint.mvc.EndpointMvcAdapter.invoke()
2015-10-31 19:11:45.641  INFO 20617 --- [    Test worker] o.s.b.a.e.mvc.EndpointHandlerMapping     : Mapped "{[/autoconfig],methods=[GET]}" onto public java.lang.Object org.springframework.boot.actuate.endpoint.mvc.EndpointMvcAdapter.invoke()
2015-10-31 19:11:45.642  INFO 20617 --- [    Test worker] o.s.b.a.e.mvc.EndpointHandlerMapping     : Mapped "{[/configprops],methods=[GET]}" onto public java.lang.Object org.springframework.boot.actuate.endpoint.mvc.EndpointMvcAdapter.invoke()
2015-10-31 19:11:45.642  INFO 20617 --- [    Test worker] o.s.b.a.e.mvc.EndpointHandlerMapping     : Mapped "{[/mappings],methods=[GET]}" onto public java.lang.Object org.springframework.boot.actuate.endpoint.mvc.EndpointMvcAdapter.invoke()
2015-10-31 19:11:45.642  INFO 20617 --- [    Test worker] o.s.b.a.e.mvc.EndpointHandlerMapping     : Mapped "{[/metrics/{name:.*}],methods=[GET]}" onto public java.lang.Object org.springframework.boot.actuate.endpoint.mvc.MetricsMvcEndpoint.value(java.lang.String)
2015-10-31 19:11:45.642  INFO 20617 --- [    Test worker] o.s.b.a.e.mvc.EndpointHandlerMapping     : Mapped "{[/metrics],methods=[GET]}" onto public java.lang.Object org.springframework.boot.actuate.endpoint.mvc.EndpointMvcAdapter.invoke()
2015-10-31 19:11:45.642  INFO 20617 --- [    Test worker] o.s.b.a.e.mvc.EndpointHandlerMapping     : Mapped "{[/beans],methods=[GET]}" onto public java.lang.Object org.springframework.boot.actuate.endpoint.mvc.EndpointMvcAdapter.invoke()
2015-10-31 19:11:45.643  INFO 20617 --- [    Test worker] o.s.b.a.e.mvc.EndpointHandlerMapping     : Mapped "{[/info],methods=[GET]}" onto public java.lang.Object org.springframework.boot.actuate.endpoint.mvc.EndpointMvcAdapter.invoke()
2015-10-31 19:11:45.643  INFO 20617 --- [    Test worker] o.s.b.a.e.mvc.EndpointHandlerMapping     : Mapped "{[/dump],methods=[GET]}" onto public java.lang.Object org.springframework.boot.actuate.endpoint.mvc.EndpointMvcAdapter.invoke()
2015-10-31 19:11:45.817  INFO 20617 --- [    Test worker] o.s.s.web.DefaultSecurityFilterChain     : Creating filter chain: Ant [pattern='/css/**'], []
2015-10-31 19:11:45.817  INFO 20617 --- [    Test worker] o.s.s.web.DefaultSecurityFilterChain     : Creating filter chain: Ant [pattern='/js/**'], []
2015-10-31 19:11:45.817  INFO 20617 --- [    Test worker] o.s.s.web.DefaultSecurityFilterChain     : Creating filter chain: Ant [pattern='/images/**'], []
2015-10-31 19:11:45.818  INFO 20617 --- [    Test worker] o.s.s.web.DefaultSecurityFilterChain     : Creating filter chain: Ant [pattern='/**/favicon.ico'], []
2015-10-31 19:11:45.818  INFO 20617 --- [    Test worker] o.s.s.web.DefaultSecurityFilterChain     : Creating filter chain: Ant [pattern='/error'], []
2015-10-31 19:11:45.818  INFO 20617 --- [    Test worker] o.s.s.web.DefaultSecurityFilterChain     : Creating filter chain: Ant [pattern='/bower_components/**'], []
2015-10-31 19:11:45.837  INFO 20617 --- [    Test worker] o.s.s.web.DefaultSecurityFilterChain     : Creating filter chain: OrRequestMatcher [requestMatchers=[Ant [pattern='/health'], Ant [pattern='/health/**'], Ant [pattern='/health.*'], Ant [pattern='/info'], Ant [pattern='/info/**'], Ant [pattern='/info.*'], Ant [pattern='/env'], Ant [pattern='/env/**'], Ant [pattern='/env.*'], Ant [pattern='/trace'], Ant [pattern='/trace/**'], Ant [pattern='/trace.*'], Ant [pattern='/autoconfig'], Ant [pattern='/autoconfig/**'], Ant [pattern='/autoconfig.*'], Ant [pattern='/configprops'], Ant [pattern='/configprops/**'], Ant [pattern='/configprops.*'], Ant [pattern='/mappings'], Ant [pattern='/mappings/**'], Ant [pattern='/mappings.*'], Ant [pattern='/metrics'], Ant [pattern='/metrics/**'], Ant [pattern='/metrics.*'], Ant [pattern='/beans'], Ant [pattern='/beans/**'], Ant [pattern='/beans.*'], Ant [pattern='/dump'], Ant [pattern='/dump/**'], Ant [pattern='/dump.*']]], [org.springframework.security.web.context.request.async.WebAsyncManagerIntegrationFilter@1ad7d77f, org.springframework.security.web.context.SecurityContextPersistenceFilter@5c3f28a1, org.springframework.security.web.header.HeaderWriterFilter@71ba8509, org.springframework.security.web.authentication.logout.LogoutFilter@1e8041c1, org.springframework.security.web.authentication.www.BasicAuthenticationFilter@212f58f5, org.springframework.security.web.savedrequest.RequestCacheAwareFilter@78154d68, org.springframework.security.web.servletapi.SecurityContextHolderAwareRequestFilter@67ba822b, org.springframework.security.web.authentication.AnonymousAuthenticationFilter@2fac3db1, org.springframework.security.web.session.SessionManagementFilter@115122d2, org.springframework.security.web.access.ExceptionTranslationFilter@314d87fb, org.springframework.security.web.access.intercept.FilterSecurityInterceptor@2f18edb5]
2015-10-31 19:11:45.849  INFO 20617 --- [    Test worker] o.s.s.web.DefaultSecurityFilterChain     : Creating filter chain: org.springframework.security.web.util.matcher.AnyRequestMatcher@1, [org.springframework.security.web.context.request.async.WebAsyncManagerIntegrationFilter@cc63477, org.springframework.security.web.context.SecurityContextPersistenceFilter@6c80ee9d, org.springframework.security.web.header.HeaderWriterFilter@2bb774d1, org.springframework.security.web.authentication.logout.LogoutFilter@59a04da0, org.springframework.security.web.authentication.UsernamePasswordAuthenticationFilter@4f23de16, org.springframework.security.web.savedrequest.RequestCacheAwareFilter@3530d846, org.springframework.security.web.servletapi.SecurityContextHolderAwareRequestFilter@25b123cd, org.springframework.security.web.authentication.AnonymousAuthenticationFilter@5dc48897, org.springframework.security.web.session.SessionManagementFilter@6353e7dc, org.springframework.security.web.access.ExceptionTranslationFilter@16080b95, org.springframework.security.web.access.intercept.FilterSecurityInterceptor@43df90ad]
2015-10-31 19:11:45.853  INFO 20617 --- [    Test worker] o.s.s.web.DefaultSecurityFilterChain     : Creating filter chain: OrRequestMatcher [requestMatchers=[Ant [pattern='/**']]], [org.springframework.security.web.context.request.async.WebAsyncManagerIntegrationFilter@2a9ade34, org.springframework.security.web.context.SecurityContextPersistenceFilter@1508a90e, org.springframework.security.web.header.HeaderWriterFilter@4df2276, org.springframework.security.web.authentication.logout.LogoutFilter@59c67bfc, org.springframework.security.web.authentication.www.BasicAuthenticationFilter@9d6e913, org.springframework.security.web.savedrequest.RequestCacheAwareFilter@2e59b762, org.springframework.security.web.servletapi.SecurityContextHolderAwareRequestFilter@5368fc4d, org.springframework.security.web.authentication.AnonymousAuthenticationFilter@7d753e46, org.springframework.security.web.session.SessionManagementFilter@56ab81f5, org.springframework.security.web.access.ExceptionTranslationFilter@629b2e3b, org.springframework.security.web.access.intercept.FilterSecurityInterceptor@14ba33c1]
2015-10-31 19:11:46.009  INFO 20617 --- [    Test worker] o.s.w.s.v.f.FreeMarkerConfigurer         : ClassTemplateLoader for Spring macros added to FreeMarker configuration
2015-10-31 19:11:46.053  INFO 20617 --- [    Test worker] c.a.AabBackOfficeApplicationTests        : Started AabBackOfficeApplicationTests in 5.6 seconds (JVM running for 6.393)
]]></system-out>
  <system-err><![CDATA[]]></system-err>
</testsuite>
