<?xml version="1.0" encoding="UTF-8"?>
<testsuite name="com.aabplastic.backoffice.services.OrderServiceImplTest" tests="1" skipped="0" failures="0" errors="0" timestamp="2015-10-31T12:11:46" hostname="Hoangs-MacBook-Pro.local" time="0.001">
  <properties/>
  <testcase name="testCreate_Success" classname="com.aabplastic.backoffice.services.OrderServiceImplTest" time="0.001"/>
  <system-out><![CDATA[]]></system-out>
  <system-err><![CDATA[]]></system-err>
</testsuite>
