<?xml version="1.0" encoding="UTF-8"?>
<testsuite name="com.aabplastic.backoffice.services.BillOfMaterialsServiceImplTest" tests="2" skipped="0" failures="0" errors="0" timestamp="2015-10-31T12:11:46" hostname="Hoangs-MacBook-Pro.local" time="0.068">
  <properties/>
  <testcase name="testUpdate" classname="com.aabplastic.backoffice.services.BillOfMaterialsServiceImplTest" time="0.064"/>
  <testcase name="testListBOMs" classname="com.aabplastic.backoffice.services.BillOfMaterialsServiceImplTest" time="0.003"/>
  <system-out><![CDATA[]]></system-out>
  <system-err><![CDATA[]]></system-err>
</testsuite>
